<?xml version="1.0" encoding="UTF-8"?>
<coverage generated="1660904558995" clover="3.2.0">
  <project timestamp="1660904558995" name="All files">
    <metrics statements="23" coveredstatements="23" conditionals="6" coveredconditionals="3" methods="6" coveredmethods="6" elements="35" coveredelements="32" complexity="0" loc="23" ncloc="23" packages="1" files="1" classes="1"/>
    <file name="addRemove.js" path="C:\MICROVERSE\To-do-List\src\__test__\addRemove.js">
      <metrics statements="23" coveredstatements="23" conditionals="6" coveredconditionals="3" methods="6" coveredmethods="6"/>
      <line num="1" count="1" type="stmt"/>
      <line num="2" count="2" type="cond" truecount="1" falsecount="1"/>
      <line num="4" count="2" type="stmt"/>
      <line num="9" count="2" type="stmt"/>
      <line num="11" count="2" type="stmt"/>
      <line num="14" count="1" type="stmt"/>
      <line num="15" count="1" type="stmt"/>
      <line num="16" count="1" type="stmt"/>
      <line num="19" count="1" type="stmt"/>
      <line num="20" count="1" type="stmt"/>
      <line num="26" count="1" type="stmt"/>
      <line num="27" count="1" type="stmt"/>
      <line num="30" count="1" type="stmt"/>
      <line num="31" count="1" type="stmt"/>
      <line num="37" count="1" type="stmt"/>
      <line num="38" count="3" type="stmt"/>
      <line num="39" count="1" type="stmt"/>
      <line num="42" count="1" type="stmt"/>
      <line num="43" count="1" type="stmt"/>
      <line num="48" count="1" type="cond" truecount="1" falsecount="1"/>
      <line num="49" count="1" type="stmt"/>
      <line num="50" count="1" type="cond" truecount="1" falsecount="1"/>
      <line num="53" count="1" type="stmt"/>
    </file>
  </project>
</coverage>
