{"E:\\Microverse 2022\\FULL PROGRAM C12\\Module2\\To-do-List\\src\\__test__\\addRemove.js": {"path":"E:\\Microverse 2022\\FULL PROGRAM C12\\Module2\\To-do-List\\src\\__test__\\addRemove.js","statementMap":{"0":{"start":{"line":1,"column":12},"end":{"line":12,"column":1}},"1":{"start":{"line":2,"column":2},"end":{"line":2,"column":45}},"2":{"start":{"line":2,"column":22},"end":{"line":2,"column":45}},"3":{"start":{"line":4,"column":14},"end":{"line":8,"column":3}},"4":{"start":{"line":9,"column":2},"end":{"line":9,"column":18}},"5":{"start":{"line":11,"column":2},"end":{"line":11,"column":15}},"6":{"start":{"line":14,"column":15},"end":{"line":17,"column":1}},"7":{"start":{"line":15,"column":2},"end":{"line":15,"column":25}},"8":{"start":{"line":16,"column":2},"end":{"line":16,"column":15}},"9":{"start":{"line":19,"column":13},"end":{"line":28,"column":1}},"10":{"start":{"line":20,"column":14},"end":{"line":24,"column":3}},"11":{"start":{"line":26,"column":2},"end":{"line":26,"column":30}},"12":{"start":{"line":27,"column":2},"end":{"line":27,"column":15}},"13":{"start":{"line":30,"column":14},"end":{"line":40,"column":1}},"14":{"start":{"line":31,"column":14},"end":{"line":35,"column":3}},"15":{"start":{"line":37,"column":2},"end":{"line":37,"column":18}},"16":{"start":{"line":38,"column":2},"end":{"line":38,"column":59}},"17":{"start":{"line":38,"column":33},"end":{"line":38,"column":57}},"18":{"start":{"line":39,"column":2},"end":{"line":39,"column":15}},"19":{"start":{"line":42,"column":0},"end":{"line":42,"column":46}}},"fnMap":{"0":{"name":"(anonymous_0)","decl":{"start":{"line":1,"column":12},"end":{"line":1,"column":13}},"loc":{"start":{"line":1,"column":32},"end":{"line":12,"column":1}},"line":1},"1":{"name":"(anonymous_1)","decl":{"start":{"line":14,"column":15},"end":{"line":14,"column":16}},"loc":{"start":{"line":14,"column":33},"end":{"line":17,"column":1}},"line":14},"2":{"name":"(anonymous_2)","decl":{"start":{"line":19,"column":13},"end":{"line":19,"column":14}},"loc":{"start":{"line":19,"column":31},"end":{"line":28,"column":1}},"line":19},"3":{"name":"(anonymous_3)","decl":{"start":{"line":30,"column":14},"end":{"line":30,"column":15}},"loc":{"start":{"line":30,"column":33},"end":{"line":40,"column":1}},"line":30},"4":{"name":"(anonymous_4)","decl":{"start":{"line":38,"column":23},"end":{"line":38,"column":24}},"loc":{"start":{"line":38,"column":33},"end":{"line":38,"column":57}},"line":38}},"branchMap":{"0":{"loc":{"start":{"line":2,"column":2},"end":{"line":2,"column":45}},"type":"if","locations":[{"start":{"line":2,"column":2},"end":{"line":2,"column":45}},{"start":{},"end":{}}],"line":2}},"s":{"0":1,"1":2,"2":0,"3":2,"4":2,"5":2,"6":1,"7":1,"8":1,"9":1,"10":1,"11":1,"12":1,"13":1,"14":1,"15":1,"16":1,"17":3,"18":1,"19":1},"f":{"0":2,"1":1,"2":1,"3":1,"4":3},"b":{"0":[0,2]},"_coverageSchema":"1a1c01bbd47fc00a2c39e90264f33305004495a9","hash":"da8a222187d8dc6909345c7b61645412b1ef6a45"}
}
