TN:
SF:src\__test__\addRemove.js
FN:1,(anonymous_0)
FN:14,(anonymous_1)
FN:19,(anonymous_2)
FN:30,(anonymous_3)
FN:38,(anonymous_4)
FN:42,(anonymous_5)
FNF:6
FNH:6
FNDA:2,(anonymous_0)
FNDA:1,(anonymous_1)
FNDA:1,(anonymous_2)
FNDA:1,(anonymous_3)
FNDA:3,(anonymous_4)
FNDA:1,(anonymous_5)
DA:1,1
DA:2,2
DA:4,2
DA:9,2
DA:11,2
DA:14,1
DA:15,1
DA:16,1
DA:19,1
DA:20,1
DA:26,1
DA:27,1
DA:30,1
DA:31,1
DA:37,1
DA:38,3
DA:39,1
DA:42,1
DA:43,1
DA:48,1
DA:49,1
DA:50,1
DA:53,1
LF:23
LH:23
BRDA:2,0,0,0
BRDA:2,0,1,2
BRDA:48,1,0,1
BRDA:48,1,1,0
BRDA:50,2,0,1
BRDA:50,2,1,0
BRF:6
BRH:3
end_of_record
